Start testing: Feb 19 07:38 EST
----------------------------------------------------------
1/2 Testing: HelloTest.BasicAssertions
1/2 Test: HelloTest.BasicAssertions
Command: "/Users/gautamsharma/CS/C++/redislite/tests/build/controller_test" "--gtest_filter=HelloTest.BasicAssertions" "--gtest_also_run_disabled_tests"
Directory: /Users/gautamsharma/CS/C++/redislite/tests/build
"HelloTest.BasicAssertions" start time: Feb 19 07:38 EST
Output:
----------------------------------------------------------
Running main() from /Users/gautamsharma/CS/C++/redislite/tests/build/_deps/googletest-src/googletest/src/gtest_main.cc
Note: Google Test filter = HelloTest.BasicAssertions
[==========] Running 1 test from 1 test suite.
[----------] Global test environment set-up.
[----------] 1 test from HelloTest
[ RUN      ] HelloTest.BasicAssertions
[       OK ] HelloTest.BasicAssertions (0 ms)
[----------] 1 test from HelloTest (0 ms total)

[----------] Global test environment tear-down
[==========] 1 test from 1 test suite ran. (0 ms total)
[  PASSED  ] 1 test.
<end of output>
Test time =   0.00 sec
----------------------------------------------------------
Test Passed.
"HelloTest.BasicAssertions" end time: Feb 19 07:38 EST
"HelloTest.BasicAssertions" time elapsed: 00:00:00
----------------------------------------------------------

2/2 Testing: HelloTest1.BasicAssertions
2/2 Test: HelloTest1.BasicAssertions
Command: "/Users/gautamsharma/CS/C++/redislite/tests/build/controller_test" "--gtest_filter=HelloTest1.BasicAssertions" "--gtest_also_run_disabled_tests"
Directory: /Users/gautamsharma/CS/C++/redislite/tests/build
"HelloTest1.BasicAssertions" start time: Feb 19 07:38 EST
Output:
----------------------------------------------------------
Running main() from /Users/gautamsharma/CS/C++/redislite/tests/build/_deps/googletest-src/googletest/src/gtest_main.cc
Note: Google Test filter = HelloTest1.BasicAssertions
[==========] Running 1 test from 1 test suite.
[----------] Global test environment set-up.
[----------] 1 test from HelloTest1
[ RUN      ] HelloTest1.BasicAssertions
[       OK ] HelloTest1.BasicAssertions (0 ms)
[----------] 1 test from HelloTest1 (0 ms total)

[----------] Global test environment tear-down
[==========] 1 test from 1 test suite ran. (0 ms total)
[  PASSED  ] 1 test.
<end of output>
Test time =   0.00 sec
----------------------------------------------------------
Test Passed.
"HelloTest1.BasicAssertions" end time: Feb 19 07:38 EST
"HelloTest1.BasicAssertions" time elapsed: 00:00:00
----------------------------------------------------------

End testing: Feb 19 07:38 EST
